{"/home/amalka/frontend-project-46/fs.js": {"path":"/home/amalka/frontend-project-46/fs.js","statementMap":{"0":{"start":{"line":4,"column":18},"end":{"line":4,"column":52}},"1":{"start":{"line":5,"column":2},"end":{"line":5,"column":29}}},"fnMap":{"0":{"name":"parseFile","decl":{"start":{"line":3,"column":16},"end":{"line":3,"column":25}},"loc":{"start":{"line":3,"column":36},"end":{"line":6,"column":1}},"line":3}},"branchMap":{},"s":{"0":4,"1":4},"f":{"0":4},"b":{},"_coverageSchema":"1a1c01bbd47fc00a2c39e90264f33305004495a9","hash":"fb503bfd730f57054c0d3a8d06ce7160f062b601"}
,"/home/amalka/frontend-project-46/src/diff.js": {"path":"/home/amalka/frontend-project-46/src/diff.js","statementMap":{"0":{"start":{"line":6,"column":16},"end":{"line":17,"column":4}},"1":{"start":{"line":7,"column":4},"end":{"line":16,"column":5}},"2":{"start":{"line":9,"column":8},"end":{"line":9,"column":43}},"3":{"start":{"line":11,"column":8},"end":{"line":11,"column":43}},"4":{"start":{"line":13,"column":8},"end":{"line":13,"column":43}},"5":{"start":{"line":15,"column":8},"end":{"line":15,"column":76}},"6":{"start":{"line":19,"column":2},"end":{"line":19,"column":37}},"7":{"start":{"line":23,"column":15},"end":{"line":23,"column":35}},"8":{"start":{"line":24,"column":15},"end":{"line":24,"column":35}},"9":{"start":{"line":25,"column":15},"end":{"line":25,"column":68}},"10":{"start":{"line":26,"column":17},"end":{"line":26,"column":19}},"11":{"start":{"line":28,"column":2},"end":{"line":38,"column":3}},"12":{"start":{"line":29,"column":4},"end":{"line":37,"column":5}},"13":{"start":{"line":30,"column":6},"end":{"line":30,"column":56}},"14":{"start":{"line":31,"column":11},"end":{"line":37,"column":5}},"15":{"start":{"line":32,"column":6},"end":{"line":32,"column":58}},"16":{"start":{"line":33,"column":11},"end":{"line":37,"column":5}},"17":{"start":{"line":34,"column":6},"end":{"line":34,"column":60}},"18":{"start":{"line":36,"column":6},"end":{"line":36,"column":82}},"19":{"start":{"line":39,"column":2},"end":{"line":39,"column":30}}},"fnMap":{"0":{"name":"formatStylish","decl":{"start":{"line":5,"column":9},"end":{"line":5,"column":22}},"loc":{"start":{"line":5,"column":29},"end":{"line":20,"column":1}},"line":5},"1":{"name":"(anonymous_1)","decl":{"start":{"line":6,"column":41},"end":{"line":6,"column":42}},"loc":{"start":{"line":6,"column":58},"end":{"line":17,"column":3}},"line":6},"2":{"name":"gendiff","decl":{"start":{"line":22,"column":9},"end":{"line":22,"column":16}},"loc":{"start":{"line":22,"column":39},"end":{"line":40,"column":1}},"line":22}},"branchMap":{"0":{"loc":{"start":{"line":7,"column":4},"end":{"line":16,"column":5}},"type":"switch","locations":[{"start":{"line":8,"column":6},"end":{"line":9,"column":43}},{"start":{"line":10,"column":6},"end":{"line":11,"column":43}},{"start":{"line":12,"column":6},"end":{"line":13,"column":43}},{"start":{"line":14,"column":6},"end":{"line":15,"column":76}}],"line":7},"1":{"loc":{"start":{"line":29,"column":4},"end":{"line":37,"column":5}},"type":"if","locations":[{"start":{"line":29,"column":4},"end":{"line":37,"column":5}},{"start":{"line":31,"column":11},"end":{"line":37,"column":5}}],"line":29},"2":{"loc":{"start":{"line":31,"column":11},"end":{"line":37,"column":5}},"type":"if","locations":[{"start":{"line":31,"column":11},"end":{"line":37,"column":5}},{"start":{"line":33,"column":11},"end":{"line":37,"column":5}}],"line":31},"3":{"loc":{"start":{"line":33,"column":11},"end":{"line":37,"column":5}},"type":"if","locations":[{"start":{"line":33,"column":11},"end":{"line":37,"column":5}},{"start":{"line":35,"column":11},"end":{"line":37,"column":5}}],"line":33}},"s":{"0":2,"1":9,"2":1,"3":2,"4":5,"5":1,"6":2,"7":2,"8":2,"9":2,"10":2,"11":2,"12":9,"13":1,"14":8,"15":2,"16":6,"17":5,"18":1,"19":2},"f":{"0":2,"1":9,"2":2},"b":{"0":[1,2,5,1],"1":[1,8],"2":[2,6],"3":[5,1]},"_coverageSchema":"1a1c01bbd47fc00a2c39e90264f33305004495a9","hash":"7b83eba1d29d8bf07265a44ac8083a72d14c5e82"}
}
