TN:
SF:fs.js
FN:3,parseFile
FNF:1
FNH:1
FNDA:4,parseFile
DA:4,4
DA:5,4
LF:2
LH:2
BRF:0
BRH:0
end_of_record
TN:
SF:src/diff.js
FN:5,formatStylish
FN:6,(anonymous_1)
FN:22,gendiff
FNF:3
FNH:3
FNDA:2,formatStylish
FNDA:9,(anonymous_1)
FNDA:2,gendiff
DA:6,2
DA:7,9
DA:9,1
DA:11,2
DA:13,5
DA:15,1
DA:19,2
DA:23,2
DA:24,2
DA:25,2
DA:26,2
DA:28,2
DA:29,9
DA:30,1
DA:31,8
DA:32,2
DA:33,6
DA:34,5
DA:36,1
DA:39,2
LF:20
LH:20
BRDA:7,0,0,1
BRDA:7,0,1,2
BRDA:7,0,2,5
BRDA:7,0,3,1
BRDA:29,1,0,1
BRDA:29,1,1,8
BRDA:31,2,0,2
BRDA:31,2,1,6
BRDA:33,3,0,5
BRDA:33,3,1,1
BRF:10
BRH:10
end_of_record
